<?xml version="1.0" encoding="UTF-8"?>
<!-- Generated by org.testng.reporters.JUnitXMLReporter -->
<testsuite ignored="0" hostname="Rahul-Dev-Ghosh" failures="0" tests="3" name="Free Crm Tests" time="55.63" errors="0" timestamp="2026-05-10T23:51:45 IST">
  <testcase classname="com.freecrm.tests.FCRM_2_LoginPageTest" name="negative_login_test" time="3.74"/>
  <testcase classname="com.freecrm.flows.FCRM_8_Create_New_Contact_Val" name="create_new_contact_val" time="29.766"/>
  <testcase classname="com.freecrm.flows.FCRM_8_Create_New_Contact_Val" name="delete_all_contacts_val" time="2.745"/>
</testsuite> <!-- Free Crm Tests -->
