<?xml version="1.0" encoding="UTF-8"?>
<testng-results ignored="0" total="3" passed="3" failed="0" skipped="0">
  <reporter-output>
  </reporter-output>
  <suite started-at="2026-05-10T23:50:49 IST" name="Free Crm Regression Suite" finished-at="2026-05-10T23:51:45 IST" duration-ms="55630">
    <groups>
      <group name="regression">
        <method signature="FCRM_8_Create_New_Contact_Val.create_new_contact_val()[pri:0, instance:com.freecrm.flows.FCRM_8_Create_New_Contact_Val@5454d35e]" name="create_new_contact_val" class="com.freecrm.flows.FCRM_8_Create_New_Contact_Val"/>
        <method signature="FCRM_8_Create_New_Contact_Val.delete_all_contacts_val()[pri:0, instance:com.freecrm.flows.FCRM_8_Create_New_Contact_Val@5454d35e]" name="delete_all_contacts_val" class="com.freecrm.flows.FCRM_8_Create_New_Contact_Val"/>
        <method signature="FCRM_2_LoginPageTest.negative_login_test(java.lang.String,java.lang.String)[pri:0, instance:com.freecrm.tests.FCRM_2_LoginPageTest@7daa0fbd]" name="negative_login_test" class="com.freecrm.tests.FCRM_2_LoginPageTest"/>
      </group> <!-- regression -->
      <group name="smoke">
        <method signature="FCRM_8_Create_New_Contact_Val.create_new_contact_val()[pri:0, instance:com.freecrm.flows.FCRM_8_Create_New_Contact_Val@5454d35e]" name="create_new_contact_val" class="com.freecrm.flows.FCRM_8_Create_New_Contact_Val"/>
        <method signature="FCRM_8_Create_New_Contact_Val.delete_all_contacts_val()[pri:0, instance:com.freecrm.flows.FCRM_8_Create_New_Contact_Val@5454d35e]" name="delete_all_contacts_val" class="com.freecrm.flows.FCRM_8_Create_New_Contact_Val"/>
      </group> <!-- smoke -->
    </groups>
    <test started-at="2026-05-10T23:50:49 IST" name="Free Crm Tests" finished-at="2026-05-10T23:51:45 IST" duration-ms="55630">
      <class name="com.freecrm.tests.FCRM_2_LoginPageTest">
        <test-method is-config="true" signature="setUp()[pri:0, instance:com.freecrm.tests.FCRM_2_LoginPageTest@7daa0fbd]" started-at="2026-05-10T23:50:50 IST" name="setUp" finished-at="2026-05-10T23:50:58 IST" duration-ms="8195" status="PASS">
          <reporter-output>
          </reporter-output>
        </test-method> <!-- setUp -->
        <test-method signature="negative_login_test(java.lang.String,java.lang.String)[pri:0, instance:com.freecrm.tests.FCRM_2_LoginPageTest@7daa0fbd]" started-at="2026-05-10T23:50:58 IST" name="negative_login_test" description="Test to verify that user cannot login with invalid credentials" data-provider="negativeLoginData" finished-at="2026-05-10T23:51:02 IST" duration-ms="3740" status="PASS">
          <params>
            <param index="0">
              <value>
                <![CDATA[invalid@mailinator.com]]>
              </value>
            </param>
            <param index="1">
              <value>
                <![CDATA[Freecrm.rdg@123]]>
              </value>
            </param>
          </params>
          <reporter-output>
          </reporter-output>
        </test-method> <!-- negative_login_test -->
        <test-method is-config="true" signature="tearDown()[pri:0, instance:com.freecrm.tests.FCRM_2_LoginPageTest@7daa0fbd]" started-at="2026-05-10T23:51:02 IST" name="tearDown" finished-at="2026-05-10T23:51:02 IST" duration-ms="263" status="PASS">
          <reporter-output>
          </reporter-output>
        </test-method> <!-- tearDown -->
      </class> <!-- com.freecrm.tests.FCRM_2_LoginPageTest -->
      <class name="com.freecrm.flows.FCRM_8_Create_New_Contact_Val">
        <test-method is-config="true" signature="setUp()[pri:0, instance:com.freecrm.flows.FCRM_8_Create_New_Contact_Val@5454d35e]" started-at="2026-05-10T23:50:50 IST" name="setUp" finished-at="2026-05-10T23:51:02 IST" duration-ms="12227" status="PASS">
          <reporter-output>
          </reporter-output>
        </test-method> <!-- setUp -->
        <test-method signature="create_new_contact_val()[pri:0, instance:com.freecrm.flows.FCRM_8_Create_New_Contact_Val@5454d35e]" started-at="2026-05-10T23:51:02 IST" name="create_new_contact_val" description="Test to create new contact with valid data" finished-at="2026-05-10T23:51:32 IST" duration-ms="29766" status="PASS">
          <reporter-output>
          </reporter-output>
        </test-method> <!-- create_new_contact_val -->
        <test-method is-config="true" signature="tearDown()[pri:0, instance:com.freecrm.flows.FCRM_8_Create_New_Contact_Val@5454d35e]" started-at="2026-05-10T23:51:32 IST" name="tearDown" finished-at="2026-05-10T23:51:32 IST" duration-ms="245" status="PASS">
          <reporter-output>
          </reporter-output>
        </test-method> <!-- tearDown -->
        <test-method is-config="true" signature="setUp()[pri:0, instance:com.freecrm.flows.FCRM_8_Create_New_Contact_Val@5454d35e]" started-at="2026-05-10T23:51:32 IST" name="setUp" finished-at="2026-05-10T23:51:42 IST" duration-ms="10146" status="PASS">
          <reporter-output>
          </reporter-output>
        </test-method> <!-- setUp -->
        <test-method signature="delete_all_contacts_val()[pri:0, instance:com.freecrm.flows.FCRM_8_Create_New_Contact_Val@5454d35e]" started-at="2026-05-10T23:51:42 IST" name="delete_all_contacts_val" description="Delete freshly created test data at once" finished-at="2026-05-10T23:51:45 IST" depends-on-methods="com.freecrm.flows.FCRM_8_Create_New_Contact_Val.create_new_contact_val" duration-ms="2745" status="PASS">
          <reporter-output>
          </reporter-output>
        </test-method> <!-- delete_all_contacts_val -->
        <test-method is-config="true" signature="tearDown()[pri:0, instance:com.freecrm.flows.FCRM_8_Create_New_Contact_Val@5454d35e]" started-at="2026-05-10T23:51:45 IST" name="tearDown" finished-at="2026-05-10T23:51:45 IST" duration-ms="203" status="PASS">
          <reporter-output>
          </reporter-output>
        </test-method> <!-- tearDown -->
      </class> <!-- com.freecrm.flows.FCRM_8_Create_New_Contact_Val -->
    </test> <!-- Free Crm Tests -->
  </suite> <!-- Free Crm Regression Suite -->
</testng-results>
