<?xml version="1.0" encoding="UTF-8"?>
<!-- Generated by org.testng.reporters.JUnitReportReporter -->
<testsuite hostname="Rahul-Dev-Ghosh" failures="0" tests="2" name="com.freecrm.flows.FCRM_8_Create_New_Contact_Val" time="55.332" errors="0" timestamp="2026-05-10T23:51:45 IST" skipped="0">
  <testcase classname="com.freecrm.flows.FCRM_8_Create_New_Contact_Val" name="create_new_contact_val" time="42.238"/>
  <testcase classname="com.freecrm.flows.FCRM_8_Create_New_Contact_Val" name="delete_all_contacts_val" time="13.094"/>
</testsuite> <!-- com.freecrm.flows.FCRM_8_Create_New_Contact_Val -->
